This is pdfTeX, Version 3.14159265-2.6-1.40.21 (MiKTeX 20.6.29) (preloaded format=pdflatex 2020.8.18)  23 AUG 2020 02:57
entering extended mode
**./MTT_reveyrand.tex
(MTT_reveyrand.tex
LaTeX2e <2020-02-02> patch level 5
L3 programming layer <2020-06-18> (IEEEtran.cls
Document Class: IEEEtran 2007/03/05 V1.7a by Michael Shell
-- See the "IEEEtran_HOWTO" manual for usage information.
-- http://www.michaelshell.org/tex/ieeetran/
\@IEEEtrantmpdimenA=\dimen134
\@IEEEtrantmpdimenB=\dimen135
\@IEEEtrantmpcountA=\count167
\@IEEEtrantmpcountB=\count168
\@IEEEtrantmptoksA=\toks15
LaTeX Font Info:    Trying to load font information for OT1+ptm on input line 3
66.
(C:\Users\crism\AppData\Roaming\MiKTeX\tex/latex/psnfss\ot1ptm.fd
File: ot1ptm.fd 2001/06/04 font definitions for OT1/ptm.
)
-- Using 8.5in x 11in (letter) paper.
-- Using PDF output.
\@IEEEnormalsizeunitybaselineskip=\dimen136
-- This is a 10 point document.
\CLASSINFOnormalsizebaselineskip=\dimen137
\CLASSINFOnormalsizeunitybaselineskip=\dimen138
\IEEEnormaljot=\dimen139
LaTeX Font Info:    Font shape `OT1/ptm/bx/n' in size <5> not available
(Font)              Font shape `OT1/ptm/b/n' tried instead on input line 724.
LaTeX Font Info:    Font shape `OT1/ptm/bx/it' in size <5> not available
(Font)              Font shape `OT1/ptm/b/it' tried instead on input line 724.
LaTeX Font Info:    Font shape `OT1/ptm/bx/n' in size <7> not available
(Font)              Font shape `OT1/ptm/b/n' tried instead on input line 724.
LaTeX Font Info:    Font shape `OT1/ptm/bx/it' in size <7> not available
(Font)              Font shape `OT1/ptm/b/it' tried instead on input line 724.
LaTeX Font Info:    Font shape `OT1/ptm/bx/n' in size <8> not available
(Font)              Font shape `OT1/ptm/b/n' tried instead on input line 724.
LaTeX Font Info:    Font shape `OT1/ptm/bx/it' in size <8> not available
(Font)              Font shape `OT1/ptm/b/it' tried instead on input line 724.
LaTeX Font Info:    Font shape `OT1/ptm/bx/n' in size <9> not available
(Font)              Font shape `OT1/ptm/b/n' tried instead on input line 724.
LaTeX Font Info:    Font shape `OT1/ptm/bx/it' in size <9> not available
(Font)              Font shape `OT1/ptm/b/it' tried instead on input line 724.
LaTeX Font Info:    Font shape `OT1/ptm/bx/n' in size <10> not available
(Font)              Font shape `OT1/ptm/b/n' tried instead on input line 724.
LaTeX Font Info:    Font shape `OT1/ptm/bx/it' in size <10> not available
(Font)              Font shape `OT1/ptm/b/it' tried instead on input line 724.
LaTeX Font Info:    Font shape `OT1/ptm/bx/n' in size <11> not available
(Font)              Font shape `OT1/ptm/b/n' tried instead on input line 724.
LaTeX Font Info:    Font shape `OT1/ptm/bx/it' in size <11> not available
(Font)              Font shape `OT1/ptm/b/it' tried instead on input line 724.
LaTeX Font Info:    Font shape `OT1/ptm/bx/n' in size <12> not available
(Font)              Font shape `OT1/ptm/b/n' tried instead on input line 724.
LaTeX Font Info:    Font shape `OT1/ptm/bx/it' in size <12> not available
(Font)              Font shape `OT1/ptm/b/it' tried instead on input line 724.
LaTeX Font Info:    Font shape `OT1/ptm/bx/n' in size <17> not available
(Font)              Font shape `OT1/ptm/b/n' tried instead on input line 724.
LaTeX Font Info:    Font shape `OT1/ptm/bx/it' in size <17> not available
(Font)              Font shape `OT1/ptm/b/it' tried instead on input line 724.
LaTeX Font Info:    Font shape `OT1/ptm/bx/n' in size <20> not available
(Font)              Font shape `OT1/ptm/b/n' tried instead on input line 724.
LaTeX Font Info:    Font shape `OT1/ptm/bx/it' in size <20> not available
(Font)              Font shape `OT1/ptm/b/it' tried instead on input line 724.
LaTeX Font Info:    Font shape `OT1/ptm/bx/n' in size <24> not available
(Font)              Font shape `OT1/ptm/b/n' tried instead on input line 724.
LaTeX Font Info:    Font shape `OT1/ptm/bx/it' in size <24> not available
(Font)              Font shape `OT1/ptm/b/it' tried instead on input line 724.
\IEEEilabelindentA=\dimen140
\IEEEilabelindentB=\dimen141
\IEEEilabelindent=\dimen142
\IEEEelabelindent=\dimen143
\IEEEdlabelindent=\dimen144
\IEEElabelindent=\dimen145
\IEEEiednormlabelsep=\dimen146
\IEEEiedmathlabelsep=\dimen147
\IEEEiedtopsep=\skip47
\c@section=\count169
\c@subsection=\count170
\c@subsubsection=\count171
\c@paragraph=\count172
\c@IEEEsubequation=\count173
\abovecaptionskip=\skip48
\belowcaptionskip=\skip49
\c@figure=\count174
\c@table=\count175
\@IEEEeqnnumcols=\count176
\@IEEEeqncolcnt=\count177
\@IEEEtmpitemindent=\dimen148
\c@IEEEbiography=\count178
\@IEEEtranrubishbin=\box45
) (C:\Users\crism\AppData\Roaming\MiKTeX\tex/latex/multirow\multirow.sty
Package: multirow 2019/05/31 v2.5 Span multiple rows of a table
\multirow@colwidth=\skip50
\multirow@cntb=\count179
\multirow@dima=\skip51
\bigstrutjot=\dimen149
)
("C:\Program Files\MiKTeX\tex/latex/xcolor\xcolor.sty"
Package: xcolor 2016/05/11 v2.12 LaTeX color extensions (UK)

("C:\Program Files\MiKTeX\tex/latex/graphics-cfg\color.cfg"
File: color.cfg 2016/01/02 v1.6 sample color configuration
)
Package xcolor Info: Driver file: pdftex.def on input line 225.

("C:\Program Files\MiKTeX\tex/latex/graphics-def\pdftex.def"
File: pdftex.def 2018/01/08 v1.0l Graphics/color driver for pdftex
)
(C:\Users\crism\AppData\Roaming\MiKTeX\tex/latex/colortbl\colortbl.sty
Package: colortbl 2020/01/04 v1.0e Color table columns (DPC)

("C:\Program Files\MiKTeX\tex/latex/tools\array.sty"
Package: array 2019/08/31 v2.4l Tabular extension package (FMi)
\col@sep=\dimen150
\ar@mcellbox=\box46
\extrarowheight=\dimen151
\NC@list=\toks16
\extratabsurround=\skip52
\backup@length=\skip53
\ar@cellbox=\box47
)
\everycr=\toks17
\minrowclearance=\skip54
)
\rownum=\count180
Package xcolor Info: Model `cmy' substituted by `cmy0' on input line 1348.
Package xcolor Info: Model `hsb' substituted by `rgb' on input line 1352.
Package xcolor Info: Model `RGB' extended on input line 1364.
Package xcolor Info: Model `HTML' substituted by `rgb' on input line 1366.
Package xcolor Info: Model `Hsb' substituted by `hsb' on input line 1367.
Package xcolor Info: Model `tHsb' substituted by `hsb' on input line 1368.
Package xcolor Info: Model `HSB' substituted by `hsb' on input line 1369.
Package xcolor Info: Model `Gray' substituted by `gray' on input line 1370.
Package xcolor Info: Model `wave' substituted by `hsb' on input line 1371.
)
(C:\Users\crism\AppData\Roaming\MiKTeX\tex/latex/soul\soul.sty
Package: soul 2003/11/17 v2.4 letterspacing/underlining (mf)
\SOUL@word=\toks18
\SOUL@lasttoken=\toks19
\SOUL@cmds=\toks20
\SOUL@buffer=\toks21
\SOUL@token=\toks22
\SOUL@spaceskip=\skip55
\SOUL@ttwidth=\dimen152
\SOUL@uldp=\dimen153
\SOUL@ulht=\dimen154
)
(C:\Users\crism\AppData\Roaming\MiKTeX\tex/latex/framed\framed.sty
Package: framed 2011/10/22 v 0.96: framed or shaded text with page breaks
\OuterFrameSep=\skip56
\fb@frw=\dimen155
\fb@frh=\dimen156
\FrameRule=\dimen157
\FrameSep=\dimen158
)
("C:\Program Files\MiKTeX\tex/latex/graphics\graphicx.sty"
Package: graphicx 2019/11/30 v1.2a Enhanced LaTeX Graphics (DPC,SPQR)

("C:\Program Files\MiKTeX\tex/latex/graphics\keyval.sty"
Package: keyval 2014/10/28 v1.15 key=value parser (DPC)
\KV@toks@=\toks23
)
("C:\Program Files\MiKTeX\tex/latex/graphics\graphics.sty"
Package: graphics 2019/11/30 v1.4a Standard LaTeX Graphics (DPC,SPQR)

("C:\Program Files\MiKTeX\tex/latex/graphics\trig.sty"
Package: trig 2016/01/03 v1.10 sin cos tan (DPC)
)
("C:\Program Files\MiKTeX\tex/latex/graphics-cfg\graphics.cfg"
File: graphics.cfg 2016/06/04 v1.11 sample graphics configuration
)
Package graphics Info: Driver file: pdftex.def on input line 105.
)
\Gin@req@height=\dimen159
\Gin@req@width=\dimen160
)
("C:\Program Files\MiKTeX\tex/latex/amsmath\amsmath.sty"
Package: amsmath 2020/01/20 v2.17e AMS math features
\@mathmargin=\skip57

For additional information on amsmath, use the `?' option.
("C:\Program Files\MiKTeX\tex/latex/amsmath\amstext.sty"
Package: amstext 2000/06/29 v2.01 AMS text

("C:\Program Files\MiKTeX\tex/latex/amsmath\amsgen.sty"
File: amsgen.sty 1999/11/30 v2.0 generic functions
\@emptytoks=\toks24
\ex@=\dimen161
))
("C:\Program Files\MiKTeX\tex/latex/amsmath\amsbsy.sty"
Package: amsbsy 1999/11/29 v1.2d Bold Symbols
\pmbraise@=\dimen162
)
("C:\Program Files\MiKTeX\tex/latex/amsmath\amsopn.sty"
Package: amsopn 2016/03/08 v2.02 operator names
)
\inf@bad=\count181
LaTeX Info: Redefining \frac on input line 227.
\uproot@=\count182
\leftroot@=\count183
LaTeX Info: Redefining \overline on input line 389.
\classnum@=\count184
\DOTSCASE@=\count185
LaTeX Info: Redefining \ldots on input line 486.
LaTeX Info: Redefining \dots on input line 489.
LaTeX Info: Redefining \cdots on input line 610.
\Mathstrutbox@=\box48
\strutbox@=\box49
\big@size=\dimen163
LaTeX Font Info:    Redeclaring font encoding OML on input line 733.
LaTeX Font Info:    Redeclaring font encoding OMS on input line 734.
\macc@depth=\count186
\c@MaxMatrixCols=\count187
\dotsspace@=\muskip16
\c@parentequation=\count188
\dspbrk@lvl=\count189
\tag@help=\toks25
\row@=\count190
\column@=\count191
\maxfields@=\count192
\andhelp@=\toks26
\eqnshift@=\dimen164
\alignsep@=\dimen165
\tagshift@=\dimen166
\tagwidth@=\dimen167
\totwidth@=\dimen168
\lineht@=\dimen169
\@envbody=\toks27
\multlinegap=\skip58
\multlinetaggap=\skip59
\mathdisplay@stack=\toks28
LaTeX Info: Redefining \[ on input line 2859.
LaTeX Info: Redefining \] on input line 2860.
)
(C:\Users\crism\AppData\Roaming\MiKTeX\tex/latex/mdwtools\mdwmath.sty
Package: mdwmath 1996/04/11 1.1 Nice mathematical things
\sq@sqrt=\count193
LaTeX Info: Redefining \sqrt on input line 84.
)
(C:\Users\crism\AppData\Roaming\MiKTeX\tex/latex/mdwtools\mdwtab.sty
Package: mdwtab 1998/04/28 1.9 Table typesetting with style
\tab@state=\count194
\tab@columns=\count195
\tab@preamble=\toks29
\tab@shortline=\toks30
\extrarowheight=\dimen170
\tabextrasep=\dimen171
\arrayextrasep=\dimen172
\smarraycolsep=\dimen173
\smarrayextrasep=\dimen174
\tab@width=\dimen175
\col@sep=\dimen176
\tab@endheight=\dimen177
\tab@leftskip=\skip60
\tab@rightskip=\skip61
\fn@notes=\box50
\fn@width=\dimen178
)
(C:\Users\crism\AppData\Roaming\MiKTeX\tex/latex/eqparbox\eqparbox.sty
Package: eqparbox 2017/09/03 v4.1 Create equal-widthed boxes
\eqp@tempdima=\skip62
\eqp@tempdimb=\skip63
\eqp@tabular@box=\box51
\eqp@list@box=\box52
\eqp@list@indent=\skip64

("C:\Program Files\MiKTeX\tex/latex/environ\environ.sty"
Package: environ 2014/05/04 v0.3 A new way to define environments

("C:\Program Files\MiKTeX\tex/latex/trimspaces\trimspaces.sty"
Package: trimspaces 2009/09/17 v1.1 Trim spaces around a token list
)))
("C:\Program Files\MiKTeX\tex/latex/url\url.sty"
\Urlmuskip=\muskip17
Package: url 2013/09/16  ver 3.4  Verb mode for urls, etc.
)
("C:\Program Files\MiKTeX\tex/latex/l3backend\l3backend-pdfmode.def"
File: l3backend-pdfmode.def 2020-06-29 L3 backend support: PDF mode
\l__kernel_color_stack_int=\count196
\l__pdf_internal_box=\box53
)
(MTT_reveyrand.aux)
\openout1 = `MTT_reveyrand.aux'.

LaTeX Font Info:    Checking defaults for OML/cmm/m/it on input line 23.
LaTeX Font Info:    ... okay on input line 23.
LaTeX Font Info:    Checking defaults for OMS/cmsy/m/n on input line 23.
LaTeX Font Info:    ... okay on input line 23.
LaTeX Font Info:    Checking defaults for OT1/cmr/m/n on input line 23.
LaTeX Font Info:    ... okay on input line 23.
LaTeX Font Info:    Checking defaults for T1/cmr/m/n on input line 23.
LaTeX Font Info:    ... okay on input line 23.
LaTeX Font Info:    Checking defaults for TS1/cmr/m/n on input line 23.
LaTeX Font Info:    ... okay on input line 23.
LaTeX Font Info:    Checking defaults for OMX/cmex/m/n on input line 23.
LaTeX Font Info:    ... okay on input line 23.
LaTeX Font Info:    Checking defaults for U/cmr/m/n on input line 23.
LaTeX Font Info:    ... okay on input line 23.

("C:\Program Files\MiKTeX\tex/context/base/mkii\supp-pdf.mkii"
[Loading MPS to PDF converter (version 2006.09.02).]
\scratchcounter=\count197
\scratchdimen=\dimen179
\scratchbox=\box54
\nofMPsegments=\count198
\nofMParguments=\count199
\everyMPshowfont=\toks31
\MPscratchCnt=\count266
\MPscratchDim=\dimen180
\MPnumerator=\count267
\makeMPintoPDFobject=\count268
\everyMPtoPDFconversion=\toks32
) ("C:\Program Files\MiKTeX\tex/latex/epstopdf-pkg\epstopdf-base.sty"
Package: epstopdf-base 2020-01-24 v2.11 Base part for package epstopdf
Package epstopdf-base Info: Redefining graphics rule for `.eps' on input line 4
85.
)
LaTeX Font Info:    External font `cmex10' loaded for size
(Font)              <7> on input line 74.
LaTeX Font Info:    External font `cmex10' loaded for size
(Font)              <5> on input line 74.
<images/image1.png, id=1, 561.09625pt x 333.245pt>
File: images/image1.png Graphic file (type png)
<use images/image1.png>
Package pdftex.def Info: images/image1.png  used on input line 78.
(pdftex.def)             Requested size: 227.61945pt x 156.49295pt.
LaTeX Font Info:    External font `cmex10' loaded for size
(Font)              <8> on input line 79.
LaTeX Font Info:    External font `cmex10' loaded for size
(Font)              <6> on input line 79.
<images/image3.png, id=2, 1608.0075pt x 758.835pt>
File: images/image3.png Graphic file (type png)
<use images/image3.png>
Package pdftex.def Info: images/image3.png  used on input line 144.
(pdftex.def)             Requested size: 227.62204pt x 107.41722pt.
<images/image2.png, id=4, 384.6872pt x 165.61874pt>
File: images/image2.png Graphic file (type png)
<use images/image2.png>
Package pdftex.def Info: images/image2.png  used on input line 152.
(pdftex.def)             Requested size: 227.62204pt x 97.99977pt.
<images/image4.png, id=5, 1114.1625pt x 559.33969pt>
File: images/image4.png Graphic file (type png)
<use images/image4.png>
Package pdftex.def Info: images/image4.png  used on input line 159.
(pdftex.def)             Requested size: 227.62204pt x 114.26424pt.
<images/image5.png, id=6, 1111.15125pt x 563.85657pt>
File: images/image5.png Graphic file (type png)
<use images/image5.png>
Package pdftex.def Info: images/image5.png  used on input line 168.
(pdftex.def)             Requested size: 227.62204pt x 115.5053pt.
 [1{C:/Users/crism/AppData/Local/MiKTeX/pdftex/config/pdftex.map}


 <./images/image1.png>]
<images/image6.png, id=23, 367.3725pt x 447.17062pt>
File: images/image6.png Graphic file (type png)
<use images/image6.png>
Package pdftex.def Info: images/image6.png  used on input line 178.
(pdftex.def)             Requested size: 199.16928pt x 242.43744pt.
[2 <./images/image3.png> <./images/image2.png> <./images/image4.png> <./images/
image5.png> <./images/image6.png>]
<images/image7.png, id=32, 487.06969pt x 294.34969pt>
File: images/image7.png Graphic file (type png)
<use images/image7.png>
Package pdftex.def Info: images/image7.png  used on input line 187.
(pdftex.def)             Requested size: 227.62204pt x 137.55836pt.

Underfull \hbox (badness 10000) in paragraph at lines 191--234

 []

<images/image8.png, id=33, 358.33875pt x 438.8897pt>
File: images/image8.png Graphic file (type png)
<use images/image8.png>
Package pdftex.def Info: images/image8.png  used on input line 239.
(pdftex.def)             Requested size: 199.16928pt x 243.9416pt.
<images/image9.png, id=34, 717.43031pt x 291.33844pt>
File: images/image9.png Graphic file (type png)
<use images/image9.png>
Package pdftex.def Info: images/image9.png  used on input line 247.
(pdftex.def)             Requested size: 227.62204pt x 92.43446pt.
<photo/mike.png, id=35, 278.03876pt x 348.30125pt>
File: photo/mike.png Graphic file (type png)
<use photo/mike.png>
Package pdftex.def Info: photo/mike.png  used on input line 337.
(pdftex.def)             Requested size: 72.11443pt x 90.33829pt.
File: photo/mike.png Graphic file (type png)
<use photo/mike.png>
Package pdftex.def Info: photo/mike.png  used on input line 337.
(pdftex.def)             Requested size: 72.11443pt x 90.33829pt.
[3 <./photo/mike.png> <./images/image7.png> <./images/image8.png> <./images/ima
ge9.png>]
<photo/tibo.png, id=45, 279.0425pt x 350.30875pt>
File: photo/tibo.png Graphic file (type png)
<use photo/tibo.png>
Package pdftex.def Info: photo/tibo.png  used on input line 340.
(pdftex.def)             Requested size: 71.95749pt x 90.33513pt.
File: photo/tibo.png Graphic file (type png)
<use photo/tibo.png>
Package pdftex.def Info: photo/tibo.png  used on input line 340.
(pdftex.def)             Requested size: 71.95749pt x 90.33513pt.
<photo/ignacio.png, id=48, 279.0425pt x 350.30875pt>
File: photo/ignacio.png Graphic file (type png)
<use photo/ignacio.png>
Package pdftex.def Info: photo/ignacio.png  used on input line 345.
(pdftex.def)             Requested size: 71.95749pt x 90.33513pt.
File: photo/ignacio.png Graphic file (type png)
<use photo/ignacio.png>
Package pdftex.def Info: photo/ignacio.png  used on input line 345.
(pdftex.def)             Requested size: 71.95749pt x 90.33513pt.
<photo/erez.png, id=51, 91.323pt x 114.6465pt>
File: photo/erez.png Graphic file (type png)
<use photo/erez.png>
Package pdftex.def Info: photo/erez.png  used on input line 348.
(pdftex.def)             Requested size: 71.9618pt x 90.34056pt.
File: photo/erez.png Graphic file (type png)
<use photo/erez.png>
Package pdftex.def Info: photo/erez.png  used on input line 348.
(pdftex.def)             Requested size: 71.9618pt x 90.34056pt.
<photo/zoya.png, id=54, 279.0425pt x 350.30875pt>
File: photo/zoya.png Graphic file (type png)
<use photo/zoya.png>
Package pdftex.def Info: photo/zoya.png  used on input line 351.
(pdftex.def)             Requested size: 71.95749pt x 90.33513pt.
File: photo/zoya.png Graphic file (type png)
<use photo/zoya.png>
Package pdftex.def Info: photo/zoya.png  used on input line 351.
(pdftex.def)             Requested size: 71.95749pt x 90.33513pt.
 [4

 <./photo/tibo.png> <./photo/ignacio.png> <./photo/erez.png> <./photo/zoya.png>
] (MTT_reveyrand.aux) ) 
Here is how much of TeX's memory you used:
 3839 strings out of 480790
 54938 string characters out of 2907055
 346094 words of memory out of 3000000
 19793 multiletter control sequences out of 15000+200000
 571031 words of font info for 87 fonts, out of 3000000 for 9000
 1144 hyphenation exceptions out of 8191
 32i,11n,37p,847b,326s stack positions out of 5000i,500n,10000p,200000b,50000s
{C:/Program Files/MiKTeX/fonts/enc/dvips/base/8r.enc}<C:
/Program Files/MiKTeX/fonts/type1/public/amsfonts/cm/cmmi10.pfb><C:/Program Fil
es/MiKTeX/fonts/type1/public/amsfonts/cm/cmmi5.pfb><C:/Program Files/MiKTeX/fon
ts/type1/public/amsfonts/cm/cmmi7.pfb><C:/Program Files/MiKTeX/fonts/type1/publ
ic/amsfonts/cm/cmmi8.pfb><C:/Program Files/MiKTeX/fonts/type1/public/amsfonts/c
m/cmr10.pfb><C:/Program Files/MiKTeX/fonts/type1/public/amsfonts/cm/cmr7.pfb><C
:/Program Files/MiKTeX/fonts/type1/public/amsfonts/cm/cmr8.pfb><C:/Program File
s/MiKTeX/fonts/type1/public/amsfonts/cm/cmsy10.pfb><C:/Program Files/MiKTeX/fon
ts/type1/urw/times/utmb8a.pfb><C:/Program Files/MiKTeX/fonts/type1/urw/times/ut
mbi8a.pfb><C:/Program Files/MiKTeX/fonts/type1/urw/times/utmr8a.pfb><C:/Program
 Files/MiKTeX/fonts/type1/urw/times/utmri8a.pfb>
Output written on MTT_reveyrand.pdf (4 pages, 825651 bytes).
PDF statistics:
 105 PDF objects out of 1000 (max. 8388607)
 0 named destinations out of 1000 (max. 500000)
 131 words of extra memory for PDF output out of 10000 (max. 10000000)

